[02-May-2026 18:14:16 Europe/Berlin] PHP Fatal error:  Maximum execution time of 120 seconds exceeded in C:\xampp\htdocs\quotation-system\vendor\dompdf\dompdf\lib\Cpdf.php on line 5987
[02-May-2026 18:14:17 Europe/Berlin] PHP Fatal error:  Maximum execution time of 120 seconds exceeded in C:\xampp\htdocs\quotation-system\vendor\dompdf\dompdf\lib\Cpdf.php on line 5987
[02-May-2026 18:14:17 Europe/Berlin] PHP Fatal error:  Maximum execution time of 120 seconds exceeded in C:\xampp\htdocs\quotation-system\vendor\dompdf\dompdf\lib\Cpdf.php on line 6155
[02-May-2026 18:14:17 Europe/Berlin] PHP Fatal error:  Maximum execution time of 120 seconds exceeded in C:\xampp\htdocs\quotation-system\vendor\dompdf\dompdf\lib\Cpdf.php on line 6172
[02-May-2026 18:14:22 Europe/Berlin] PHP Fatal error:  Maximum execution time of 120 seconds exceeded in C:\xampp\htdocs\quotation-system\vendor\dompdf\dompdf\lib\Cpdf.php on line 5987
[02-May-2026 18:14:23 Europe/Berlin] PHP Fatal error:  Maximum execution time of 120 seconds exceeded in C:\xampp\htdocs\quotation-system\vendor\dompdf\dompdf\lib\Cpdf.php on line 5987
[02-May-2026 18:14:25 Europe/Berlin] PHP Fatal error:  Maximum execution time of 120 seconds exceeded in C:\xampp\htdocs\quotation-system\vendor\dompdf\dompdf\lib\Cpdf.php on line 5987
[02-May-2026 18:21:13 Europe/Berlin] PHP Fatal error:  Maximum execution time of 120 seconds exceeded in C:\xampp\htdocs\quotation-system\vendor\dompdf\dompdf\lib\Cpdf.php on line 6172
[02-May-2026 18:21:46 Europe/Berlin] PHP Fatal error:  Maximum execution time of 120 seconds exceeded in C:\xampp\htdocs\quotation-system\vendor\dompdf\dompdf\lib\Cpdf.php on line 5987
[02-May-2026 18:21:46 Europe/Berlin] PHP Fatal error:  Maximum execution time of 120 seconds exceeded in C:\xampp\htdocs\quotation-system\vendor\dompdf\dompdf\lib\Cpdf.php on line 5987
[02-May-2026 18:21:47 Europe/Berlin] PHP Fatal error:  Maximum execution time of 120 seconds exceeded in C:\xampp\htdocs\quotation-system\vendor\dompdf\dompdf\lib\Cpdf.php on line 5987
[02-May-2026 18:21:47 Europe/Berlin] PHP Fatal error:  Maximum execution time of 120 seconds exceeded in C:\xampp\htdocs\quotation-system\vendor\dompdf\dompdf\lib\Cpdf.php on line 5987
[02-May-2026 18:21:48 Europe/Berlin] PHP Fatal error:  Maximum execution time of 120 seconds exceeded in C:\xampp\htdocs\quotation-system\vendor\dompdf\dompdf\lib\Cpdf.php on line 5987
[02-May-2026 18:31:50 Europe/Berlin] PHP Fatal error:  Maximum execution time of 120 seconds exceeded in C:\xampp\htdocs\quotation-system\vendor\dompdf\dompdf\lib\Cpdf.php on line 6153
[02-May-2026 18:31:59 Europe/Berlin] PHP Fatal error:  Maximum execution time of 120 seconds exceeded in C:\xampp\htdocs\quotation-system\vendor\dompdf\dompdf\lib\Cpdf.php on line 6154
[02-May-2026 18:32:09 Europe/Berlin] PHP Fatal error:  Maximum execution time of 120 seconds exceeded in C:\xampp\htdocs\quotation-system\vendor\dompdf\dompdf\lib\Cpdf.php on line 6164
[02-May-2026 18:32:11 Europe/Berlin] PHP Fatal error:  Maximum execution time of 120 seconds exceeded in C:\xampp\htdocs\quotation-system\vendor\dompdf\dompdf\lib\Cpdf.php on line 6155
[02-May-2026 18:36:19 Europe/Berlin] PHP Fatal error:  Maximum execution time of 120 seconds exceeded in C:\xampp\htdocs\quotation-system\vendor\dompdf\dompdf\lib\Cpdf.php on line 5987
[02-May-2026 18:36:20 Europe/Berlin] PHP Fatal error:  Maximum execution time of 120 seconds exceeded in C:\xampp\htdocs\quotation-system\vendor\dompdf\dompdf\lib\Cpdf.php on line 6178
[02-May-2026 18:36:33 Europe/Berlin] PHP Fatal error:  Maximum execution time of 120 seconds exceeded in C:\xampp\htdocs\quotation-system\vendor\dompdf\dompdf\lib\Cpdf.php on line 5987
[02-May-2026 18:36:33 Europe/Berlin] PHP Fatal error:  Maximum execution time of 120 seconds exceeded in C:\xampp\htdocs\quotation-system\vendor\dompdf\dompdf\lib\Cpdf.php on line 5987
[02-May-2026 18:36:41 Europe/Berlin] PHP Fatal error:  Maximum execution time of 120 seconds exceeded in C:\xampp\htdocs\quotation-system\vendor\dompdf\dompdf\lib\Cpdf.php on line 6193
[02-May-2026 18:36:44 Europe/Berlin] PHP Fatal error:  Maximum execution time of 120 seconds exceeded in C:\xampp\htdocs\quotation-system\vendor\dompdf\dompdf\lib\Cpdf.php on line 6193
[02-May-2026 19:51:50 Europe/Berlin] PHP Fatal error:  Maximum execution time of 120 seconds exceeded in C:\xampp\htdocs\quotation-system\vendor\dompdf\dompdf\lib\Cpdf.php on line 6172
[02-May-2026 19:52:04 Europe/Berlin] PHP Fatal error:  Maximum execution time of 120 seconds exceeded in C:\xampp\htdocs\quotation-system\vendor\dompdf\dompdf\lib\Cpdf.php on line 6155
[02-May-2026 19:54:35 Europe/Berlin] PHP Fatal error:  Maximum execution time of 120 seconds exceeded in C:\xampp\htdocs\quotation-system\vendor\dompdf\dompdf\lib\Cpdf.php on line 6155
[02-May-2026 21:44:35 Europe/Berlin] PHP Fatal error:  Allowed memory size of 268435456 bytes exhausted (tried to allocate 20480 bytes) in C:\xampp\htdocs\quotation-system\vendor\dompdf\dompdf\lib\Cpdf.php on line 6183
[02-May-2026 21:44:44 Europe/Berlin] PHP Fatal error:  Allowed memory size of 268435456 bytes exhausted (tried to allocate 20480 bytes) in C:\xampp\htdocs\quotation-system\vendor\dompdf\dompdf\lib\Cpdf.php on line 6183
[02-May-2026 21:45:30 Europe/Berlin] PHP Fatal error:  Allowed memory size of 268435456 bytes exhausted (tried to allocate 20480 bytes) in C:\xampp\htdocs\quotation-system\vendor\dompdf\dompdf\lib\Cpdf.php on line 6183
[02-May-2026 21:47:01 Europe/Berlin] PHP Fatal error:  Allowed memory size of 268435456 bytes exhausted (tried to allocate 20480 bytes) in C:\xampp\htdocs\quotation-system\vendor\dompdf\dompdf\lib\Cpdf.php on line 6183
[02-May-2026 21:47:14 Europe/Berlin] PHP Fatal error:  Allowed memory size of 268435456 bytes exhausted (tried to allocate 20480 bytes) in C:\xampp\htdocs\quotation-system\vendor\dompdf\dompdf\lib\Cpdf.php on line 6183
[02-May-2026 21:47:38 Europe/Berlin] PHP Fatal error:  Allowed memory size of 268435456 bytes exhausted (tried to allocate 20480 bytes) in C:\xampp\htdocs\quotation-system\vendor\dompdf\dompdf\lib\Cpdf.php on line 6183
[02-May-2026 21:49:29 Europe/Berlin] PHP Fatal error:  Allowed memory size of 268435456 bytes exhausted (tried to allocate 20480 bytes) in C:\xampp\htdocs\quotation-system\vendor\dompdf\dompdf\lib\Cpdf.php on line 6183
[02-May-2026 21:52:52 Europe/Berlin] PHP Fatal error:  Allowed memory size of 268435456 bytes exhausted (tried to allocate 20480 bytes) in C:\xampp\htdocs\quotation-system\vendor\dompdf\dompdf\lib\Cpdf.php on line 6183
[02-May-2026 21:53:01 Europe/Berlin] PHP Fatal error:  Allowed memory size of 268435456 bytes exhausted (tried to allocate 20480 bytes) in C:\xampp\htdocs\quotation-system\vendor\dompdf\dompdf\lib\Cpdf.php on line 6183
[02-May-2026 21:53:36 Europe/Berlin] PHP Fatal error:  Allowed memory size of 268435456 bytes exhausted (tried to allocate 20480 bytes) in C:\xampp\htdocs\quotation-system\vendor\dompdf\dompdf\lib\Cpdf.php on line 6183
[02-May-2026 22:01:25 Europe/Berlin] PHP Fatal error:  Maximum execution time of 300 seconds exceeded in C:\xampp\htdocs\quotation-system\vendor\dompdf\dompdf\src\Frame.php on line 815
[02-May-2026 22:04:54 Europe/Berlin] PHP Fatal error:  Allowed memory size of 268435456 bytes exhausted (tried to allocate 12757112 bytes) in C:\xampp\htdocs\quotation-system\vendor\dompdf\dompdf\src\Helpers.php on line 329
[02-May-2026 22:05:01 Europe/Berlin] PHP Fatal error:  Allowed memory size of 268435456 bytes exhausted (tried to allocate 104857600 bytes) in C:\xampp\htdocs\quotation-system\vendor\dompdf\dompdf\lib\Cpdf.php on line 6021
[02-May-2026 22:07:41 Europe/Berlin] PHP Fatal error:  Allowed memory size of 268435456 bytes exhausted (tried to allocate 104857600 bytes) in C:\xampp\htdocs\quotation-system\vendor\dompdf\dompdf\lib\Cpdf.php on line 6021
[02-May-2026 22:11:24 Europe/Berlin] PHP Fatal error:  Allowed memory size of 268435456 bytes exhausted (tried to allocate 12757112 bytes) in C:\xampp\htdocs\quotation-system\vendor\dompdf\dompdf\src\Helpers.php on line 333
[02-May-2026 22:11:34 Europe/Berlin] PHP Fatal error:  Allowed memory size of 268435456 bytes exhausted (tried to allocate 12757112 bytes) in C:\xampp\htdocs\quotation-system\vendor\dompdf\dompdf\src\Helpers.php on line 329
[02-May-2026 22:14:59 Europe/Berlin] PHP Fatal error:  Allowed memory size of 268435456 bytes exhausted (tried to allocate 20480 bytes) in C:\xampp\htdocs\quotation-system\vendor\dompdf\dompdf\lib\Cpdf.php on line 6183
[02-May-2026 22:15:01 Europe/Berlin] PHP Fatal error:  Allowed memory size of 268435456 bytes exhausted (tried to allocate 20480 bytes) in C:\xampp\htdocs\quotation-system\vendor\dompdf\dompdf\lib\Cpdf.php on line 6183
[02-May-2026 22:15:01 Europe/Berlin] PHP Fatal error:  Allowed memory size of 268435456 bytes exhausted (tried to allocate 20480 bytes) in C:\xampp\htdocs\quotation-system\vendor\dompdf\dompdf\lib\Cpdf.php on line 6183
[02-May-2026 22:15:19 Europe/Berlin] PHP Fatal error:  Allowed memory size of 268435456 bytes exhausted (tried to allocate 20480 bytes) in C:\xampp\htdocs\quotation-system\vendor\dompdf\dompdf\lib\Cpdf.php on line 6183
[02-May-2026 22:15:20 Europe/Berlin] PHP Fatal error:  Allowed memory size of 268435456 bytes exhausted (tried to allocate 20480 bytes) in C:\xampp\htdocs\quotation-system\vendor\dompdf\dompdf\lib\Cpdf.php on line 6183
[02-May-2026 22:20:14 Europe/Berlin] PHP Fatal error:  Allowed memory size of 268435456 bytes exhausted (tried to allocate 20480 bytes) in C:\xampp\htdocs\quotation-system\vendor\dompdf\dompdf\lib\Cpdf.php on line 6183
[02-May-2026 23:44:50 Europe/Berlin] PHP Fatal error:  Uncaught PDOException: SQLSTATE[23000]: Integrity constraint violation: 1062 Duplicate entry '5-' for key 'user_id' in C:\xampp\htdocs\quotation-system\api\models\Product.php:27
Stack trace:
#0 C:\xampp\htdocs\quotation-system\api\models\Product.php(27): PDOStatement->execute(Array)
#1 C:\xampp\htdocs\quotation-system\api\controllers\ProductController.php(38): Product->create(Array, 5)
#2 C:\xampp\htdocs\quotation-system\api\utils\Router.php(63): ProductController->create()
#3 C:\xampp\htdocs\quotation-system\api\index.php(107): Router->dispatch('POST', '/quotation-syst...')
#4 {main}
  thrown in C:\xampp\htdocs\quotation-system\api\models\Product.php on line 27
[02-May-2026 23:44:50 Europe/Berlin] PHP Fatal error:  Uncaught PDOException: SQLSTATE[23000]: Integrity constraint violation: 1062 Duplicate entry '5-' for key 'user_id' in C:\xampp\htdocs\quotation-system\api\models\Product.php:27
Stack trace:
#0 C:\xampp\htdocs\quotation-system\api\models\Product.php(27): PDOStatement->execute(Array)
#1 C:\xampp\htdocs\quotation-system\api\controllers\ProductController.php(38): Product->create(Array, 5)
#2 C:\xampp\htdocs\quotation-system\api\utils\Router.php(63): ProductController->create()
#3 C:\xampp\htdocs\quotation-system\api\index.php(107): Router->dispatch('POST', '/quotation-syst...')
#4 {main}
  thrown in C:\xampp\htdocs\quotation-system\api\models\Product.php on line 27
[02-May-2026 23:44:51 Europe/Berlin] PHP Fatal error:  Uncaught PDOException: SQLSTATE[23000]: Integrity constraint violation: 1062 Duplicate entry '5-' for key 'user_id' in C:\xampp\htdocs\quotation-system\api\models\Product.php:27
Stack trace:
#0 C:\xampp\htdocs\quotation-system\api\models\Product.php(27): PDOStatement->execute(Array)
#1 C:\xampp\htdocs\quotation-system\api\controllers\ProductController.php(38): Product->create(Array, 5)
#2 C:\xampp\htdocs\quotation-system\api\utils\Router.php(63): ProductController->create()
#3 C:\xampp\htdocs\quotation-system\api\index.php(107): Router->dispatch('POST', '/quotation-syst...')
#4 {main}
  thrown in C:\xampp\htdocs\quotation-system\api\models\Product.php on line 27
[02-May-2026 23:44:51 Europe/Berlin] PHP Fatal error:  Uncaught PDOException: SQLSTATE[23000]: Integrity constraint violation: 1062 Duplicate entry '5-' for key 'user_id' in C:\xampp\htdocs\quotation-system\api\models\Product.php:27
Stack trace:
#0 C:\xampp\htdocs\quotation-system\api\models\Product.php(27): PDOStatement->execute(Array)
#1 C:\xampp\htdocs\quotation-system\api\controllers\ProductController.php(38): Product->create(Array, 5)
#2 C:\xampp\htdocs\quotation-system\api\utils\Router.php(63): ProductController->create()
#3 C:\xampp\htdocs\quotation-system\api\index.php(107): Router->dispatch('POST', '/quotation-syst...')
#4 {main}
  thrown in C:\xampp\htdocs\quotation-system\api\models\Product.php on line 27
[02-May-2026 23:44:51 Europe/Berlin] PHP Fatal error:  Uncaught PDOException: SQLSTATE[23000]: Integrity constraint violation: 1062 Duplicate entry '5-' for key 'user_id' in C:\xampp\htdocs\quotation-system\api\models\Product.php:27
Stack trace:
#0 C:\xampp\htdocs\quotation-system\api\models\Product.php(27): PDOStatement->execute(Array)
#1 C:\xampp\htdocs\quotation-system\api\controllers\ProductController.php(38): Product->create(Array, 5)
#2 C:\xampp\htdocs\quotation-system\api\utils\Router.php(63): ProductController->create()
#3 C:\xampp\htdocs\quotation-system\api\index.php(107): Router->dispatch('POST', '/quotation-syst...')
#4 {main}
  thrown in C:\xampp\htdocs\quotation-system\api\models\Product.php on line 27
[02-May-2026 23:44:51 Europe/Berlin] PHP Fatal error:  Uncaught PDOException: SQLSTATE[23000]: Integrity constraint violation: 1062 Duplicate entry '5-' for key 'user_id' in C:\xampp\htdocs\quotation-system\api\models\Product.php:27
Stack trace:
#0 C:\xampp\htdocs\quotation-system\api\models\Product.php(27): PDOStatement->execute(Array)
#1 C:\xampp\htdocs\quotation-system\api\controllers\ProductController.php(38): Product->create(Array, 5)
#2 C:\xampp\htdocs\quotation-system\api\utils\Router.php(63): ProductController->create()
#3 C:\xampp\htdocs\quotation-system\api\index.php(107): Router->dispatch('POST', '/quotation-syst...')
#4 {main}
  thrown in C:\xampp\htdocs\quotation-system\api\models\Product.php on line 27
[02-May-2026 23:44:51 Europe/Berlin] PHP Fatal error:  Uncaught PDOException: SQLSTATE[23000]: Integrity constraint violation: 1062 Duplicate entry '5-' for key 'user_id' in C:\xampp\htdocs\quotation-system\api\models\Product.php:27
Stack trace:
#0 C:\xampp\htdocs\quotation-system\api\models\Product.php(27): PDOStatement->execute(Array)
#1 C:\xampp\htdocs\quotation-system\api\controllers\ProductController.php(38): Product->create(Array, 5)
#2 C:\xampp\htdocs\quotation-system\api\utils\Router.php(63): ProductController->create()
#3 C:\xampp\htdocs\quotation-system\api\index.php(107): Router->dispatch('POST', '/quotation-syst...')
#4 {main}
  thrown in C:\xampp\htdocs\quotation-system\api\models\Product.php on line 27
[02-May-2026 23:44:51 Europe/Berlin] PHP Fatal error:  Uncaught PDOException: SQLSTATE[23000]: Integrity constraint violation: 1062 Duplicate entry '5-' for key 'user_id' in C:\xampp\htdocs\quotation-system\api\models\Product.php:27
Stack trace:
#0 C:\xampp\htdocs\quotation-system\api\models\Product.php(27): PDOStatement->execute(Array)
#1 C:\xampp\htdocs\quotation-system\api\controllers\ProductController.php(38): Product->create(Array, 5)
#2 C:\xampp\htdocs\quotation-system\api\utils\Router.php(63): ProductController->create()
#3 C:\xampp\htdocs\quotation-system\api\index.php(107): Router->dispatch('POST', '/quotation-syst...')
#4 {main}
  thrown in C:\xampp\htdocs\quotation-system\api\models\Product.php on line 27
[02-May-2026 23:44:51 Europe/Berlin] PHP Fatal error:  Uncaught PDOException: SQLSTATE[23000]: Integrity constraint violation: 1062 Duplicate entry '5-' for key 'user_id' in C:\xampp\htdocs\quotation-system\api\models\Product.php:27
Stack trace:
#0 C:\xampp\htdocs\quotation-system\api\models\Product.php(27): PDOStatement->execute(Array)
#1 C:\xampp\htdocs\quotation-system\api\controllers\ProductController.php(38): Product->create(Array, 5)
#2 C:\xampp\htdocs\quotation-system\api\utils\Router.php(63): ProductController->create()
#3 C:\xampp\htdocs\quotation-system\api\index.php(107): Router->dispatch('POST', '/quotation-syst...')
#4 {main}
  thrown in C:\xampp\htdocs\quotation-system\api\models\Product.php on line 27
[02-May-2026 23:44:51 Europe/Berlin] PHP Fatal error:  Uncaught PDOException: SQLSTATE[23000]: Integrity constraint violation: 1062 Duplicate entry '5-' for key 'user_id' in C:\xampp\htdocs\quotation-system\api\models\Product.php:27
Stack trace:
#0 C:\xampp\htdocs\quotation-system\api\models\Product.php(27): PDOStatement->execute(Array)
#1 C:\xampp\htdocs\quotation-system\api\controllers\ProductController.php(38): Product->create(Array, 5)
#2 C:\xampp\htdocs\quotation-system\api\utils\Router.php(63): ProductController->create()
#3 C:\xampp\htdocs\quotation-system\api\index.php(107): Router->dispatch('POST', '/quotation-syst...')
#4 {main}
  thrown in C:\xampp\htdocs\quotation-system\api\models\Product.php on line 27
[02-May-2026 23:44:51 Europe/Berlin] PHP Fatal error:  Uncaught PDOException: SQLSTATE[23000]: Integrity constraint violation: 1062 Duplicate entry '5-' for key 'user_id' in C:\xampp\htdocs\quotation-system\api\models\Product.php:27
Stack trace:
#0 C:\xampp\htdocs\quotation-system\api\models\Product.php(27): PDOStatement->execute(Array)
#1 C:\xampp\htdocs\quotation-system\api\controllers\ProductController.php(38): Product->create(Array, 5)
#2 C:\xampp\htdocs\quotation-system\api\utils\Router.php(63): ProductController->create()
#3 C:\xampp\htdocs\quotation-system\api\index.php(107): Router->dispatch('POST', '/quotation-syst...')
#4 {main}
  thrown in C:\xampp\htdocs\quotation-system\api\models\Product.php on line 27
[02-May-2026 23:44:51 Europe/Berlin] PHP Fatal error:  Uncaught PDOException: SQLSTATE[23000]: Integrity constraint violation: 1062 Duplicate entry '5-' for key 'user_id' in C:\xampp\htdocs\quotation-system\api\models\Product.php:27
Stack trace:
#0 C:\xampp\htdocs\quotation-system\api\models\Product.php(27): PDOStatement->execute(Array)
#1 C:\xampp\htdocs\quotation-system\api\controllers\ProductController.php(38): Product->create(Array, 5)
#2 C:\xampp\htdocs\quotation-system\api\utils\Router.php(63): ProductController->create()
#3 C:\xampp\htdocs\quotation-system\api\index.php(107): Router->dispatch('POST', '/quotation-syst...')
#4 {main}
  thrown in C:\xampp\htdocs\quotation-system\api\models\Product.php on line 27
[02-May-2026 23:44:51 Europe/Berlin] PHP Fatal error:  Uncaught PDOException: SQLSTATE[23000]: Integrity constraint violation: 1062 Duplicate entry '5-' for key 'user_id' in C:\xampp\htdocs\quotation-system\api\models\Product.php:27
Stack trace:
#0 C:\xampp\htdocs\quotation-system\api\models\Product.php(27): PDOStatement->execute(Array)
#1 C:\xampp\htdocs\quotation-system\api\controllers\ProductController.php(38): Product->create(Array, 5)
#2 C:\xampp\htdocs\quotation-system\api\utils\Router.php(63): ProductController->create()
#3 C:\xampp\htdocs\quotation-system\api\index.php(107): Router->dispatch('POST', '/quotation-syst...')
#4 {main}
  thrown in C:\xampp\htdocs\quotation-system\api\models\Product.php on line 27
[02-May-2026 23:44:51 Europe/Berlin] PHP Fatal error:  Uncaught PDOException: SQLSTATE[23000]: Integrity constraint violation: 1062 Duplicate entry '5-' for key 'user_id' in C:\xampp\htdocs\quotation-system\api\models\Product.php:27
Stack trace:
#0 C:\xampp\htdocs\quotation-system\api\models\Product.php(27): PDOStatement->execute(Array)
#1 C:\xampp\htdocs\quotation-system\api\controllers\ProductController.php(38): Product->create(Array, 5)
#2 C:\xampp\htdocs\quotation-system\api\utils\Router.php(63): ProductController->create()
#3 C:\xampp\htdocs\quotation-system\api\index.php(107): Router->dispatch('POST', '/quotation-syst...')
#4 {main}
  thrown in C:\xampp\htdocs\quotation-system\api\models\Product.php on line 27
[02-May-2026 23:44:51 Europe/Berlin] PHP Fatal error:  Uncaught PDOException: SQLSTATE[23000]: Integrity constraint violation: 1062 Duplicate entry '5-' for key 'user_id' in C:\xampp\htdocs\quotation-system\api\models\Product.php:27
Stack trace:
#0 C:\xampp\htdocs\quotation-system\api\models\Product.php(27): PDOStatement->execute(Array)
#1 C:\xampp\htdocs\quotation-system\api\controllers\ProductController.php(38): Product->create(Array, 5)
#2 C:\xampp\htdocs\quotation-system\api\utils\Router.php(63): ProductController->create()
#3 C:\xampp\htdocs\quotation-system\api\index.php(107): Router->dispatch('POST', '/quotation-syst...')
#4 {main}
  thrown in C:\xampp\htdocs\quotation-system\api\models\Product.php on line 27
[02-May-2026 23:44:51 Europe/Berlin] PHP Fatal error:  Uncaught PDOException: SQLSTATE[23000]: Integrity constraint violation: 1062 Duplicate entry '5-' for key 'user_id' in C:\xampp\htdocs\quotation-system\api\models\Product.php:27
Stack trace:
#0 C:\xampp\htdocs\quotation-system\api\models\Product.php(27): PDOStatement->execute(Array)
#1 C:\xampp\htdocs\quotation-system\api\controllers\ProductController.php(38): Product->create(Array, 5)
#2 C:\xampp\htdocs\quotation-system\api\utils\Router.php(63): ProductController->create()
#3 C:\xampp\htdocs\quotation-system\api\index.php(107): Router->dispatch('POST', '/quotation-syst...')
#4 {main}
  thrown in C:\xampp\htdocs\quotation-system\api\models\Product.php on line 27
[02-May-2026 23:44:51 Europe/Berlin] PHP Fatal error:  Uncaught PDOException: SQLSTATE[23000]: Integrity constraint violation: 1062 Duplicate entry '5-' for key 'user_id' in C:\xampp\htdocs\quotation-system\api\models\Product.php:27
Stack trace:
#0 C:\xampp\htdocs\quotation-system\api\models\Product.php(27): PDOStatement->execute(Array)
#1 C:\xampp\htdocs\quotation-system\api\controllers\ProductController.php(38): Product->create(Array, 5)
#2 C:\xampp\htdocs\quotation-system\api\utils\Router.php(63): ProductController->create()
#3 C:\xampp\htdocs\quotation-system\api\index.php(107): Router->dispatch('POST', '/quotation-syst...')
#4 {main}
  thrown in C:\xampp\htdocs\quotation-system\api\models\Product.php on line 27
[15-May-2026 08:51:41 Europe/Berlin] PHP Fatal error:  Uncaught PDOException: SQLSTATE[23000]: Integrity constraint violation: 1452 Cannot add or update a child row: a foreign key constraint fails (`document_engine`.`settings`, CONSTRAINT `settings_ibfk_1` FOREIGN KEY (`user_id`) REFERENCES `users` (`id`) ON DELETE CASCADE) in C:\xampp\htdocs\quotation-system\api\controllers\SettingController.php:80
Stack trace:
#0 C:\xampp\htdocs\quotation-system\api\controllers\SettingController.php(80): PDOStatement->execute(Array)
#1 C:\xampp\htdocs\quotation-system\api\utils\Router.php(63): SettingController->update()
#2 C:\xampp\htdocs\quotation-system\api\index.php(107): Router->dispatch('POST', '/quotation-syst...')
#3 {main}
  thrown in C:\xampp\htdocs\quotation-system\api\controllers\SettingController.php on line 80
[15-May-2026 08:53:01 Europe/Berlin] PHP Fatal error:  Uncaught PDOException: SQLSTATE[23000]: Integrity constraint violation: 1452 Cannot add or update a child row: a foreign key constraint fails (`document_engine`.`settings`, CONSTRAINT `settings_ibfk_1` FOREIGN KEY (`user_id`) REFERENCES `users` (`id`) ON DELETE CASCADE) in C:\xampp\htdocs\quotation-system\api\controllers\SettingController.php:80
Stack trace:
#0 C:\xampp\htdocs\quotation-system\api\controllers\SettingController.php(80): PDOStatement->execute(Array)
#1 C:\xampp\htdocs\quotation-system\api\utils\Router.php(63): SettingController->update()
#2 C:\xampp\htdocs\quotation-system\api\index.php(107): Router->dispatch('POST', '/quotation-syst...')
#3 {main}
  thrown in C:\xampp\htdocs\quotation-system\api\controllers\SettingController.php on line 80
[15-May-2026 08:55:26 Europe/Berlin] PHP Fatal error:  Uncaught PDOException: SQLSTATE[23000]: Integrity constraint violation: 1452 Cannot add or update a child row: a foreign key constraint fails (`document_engine`.`settings`, CONSTRAINT `settings_ibfk_1` FOREIGN KEY (`user_id`) REFERENCES `users` (`id`) ON DELETE CASCADE) in C:\xampp\htdocs\quotation-system\api\controllers\SettingController.php:80
Stack trace:
#0 C:\xampp\htdocs\quotation-system\api\controllers\SettingController.php(80): PDOStatement->execute(Array)
#1 C:\xampp\htdocs\quotation-system\api\utils\Router.php(63): SettingController->update()
#2 C:\xampp\htdocs\quotation-system\api\index.php(107): Router->dispatch('POST', '/quotation-syst...')
#3 {main}
  thrown in C:\xampp\htdocs\quotation-system\api\controllers\SettingController.php on line 80
[15-May-2026 09:08:43 Europe/Berlin] PHP Warning:  Cannot modify header information - headers already sent by (output started at C:\xampp\htdocs\quotation-system\tmp_full_test.php:1) in C:\xampp\htdocs\quotation-system\api\config\database.php on line 26
[15-May-2026 09:10:41 Europe/Berlin] PHP Warning:  Cannot modify header information - headers already sent by (output started at C:\xampp\htdocs\quotation-system\tmp_final_test.php:1) in C:\xampp\htdocs\quotation-system\api\config\database.php on line 26
